# JRE version: OpenJDK Runtime Environment Temurin-23.0.2+7 (23.0.2+7) (build 23.0.2+7)
# Java VM: OpenJDK 64-Bit Server VM Temurin-23.0.2+7 (23.0.2+7, mixed mode, sharing, tiered, compressed oops, compressed class ptrs, g1 gc, windows-amd64)
GC Precious Log:
 CardTable entry size: 512
 Card Set container configuration: InlinePtr #cards 5 size 8 Array Of Cards #cards 10 size 36 Howl #buckets 4 coarsen threshold 1843 Howl Bitmap #cards 512 size 80 coarsen threshold 460 Card regions per heap region 1 cards per card region 2048
 CPUs: 4 total, 4 available
 Memory: 8089M
 Large Page Support: Disabled
 NUMA Support: Disabled
 Compressed Oops: Enabled (32-bit)
 Heap Region Size: 1M
 Heap Min Capacity: 8M
 Heap Initial Capacity: 128M
 Heap Max Capacity: 2024M
 Pre-touch: Disabled
 Parallel Workers: 4
 Concurrent Workers: 1
 Concurrent Refinement Workers: 4
 Periodic GC: Disabled
Heap:
 garbage-first heap   total reserved 2072576K, committed 58368K, used 48280K [0x0000000081800000, 0x0000000100000000)
  region size 1024K, 18 young (18432K), 2 survivors (2048K)
 Metaspace       used 71854K, committed 72640K, reserved 1114112K
  class space    used 10027K, committed 10368K, reserved 1048576K
GC Heap History (20 events):
Event: 6.576 GC heap before
{Heap before GC invocations=8 (full 0):
 garbage-first heap   total reserved 2072576K, committed 48128K, used 38170K [0x0000000081800000, 0x0000000100000000)
  region size 1024K, 22 young (22528K), 3 survivors (3072K)
 Metaspace       used 34512K, committed 35008K, reserved 1114112K
  class space    used 4540K, committed 4736K, reserved 1048576K
}
Event: 6.584 GC heap after
{Heap after GC invocations=9 (full 0):
 garbage-first heap   total reserved 2072576K, committed 48128K, used 21927K [0x0000000081800000, 0x0000000100000000)
  region size 1024K, 2 young (2048K), 2 survivors (2048K)
 Metaspace       used 34512K, committed 35008K, reserved 1114112K
  class space    used 4540K, committed 4736K, reserved 1048576K
}
Event: 6.820 GC heap before
{Heap before GC invocations=9 (full 0):
 garbage-first heap   total reserved 2072576K, committed 48128K, used 26023K [0x0000000081800000, 0x0000000100000000)
  region size 1024K, 7 young (7168K), 2 survivors (2048K)
 Metaspace       used 35678K, committed 36096K, reserved 1114112K
  class space    used 4687K, committed 4864K, reserved 1048576K
}
Event: 6.826 GC heap after
{Heap after GC invocations=10 (full 0):
 garbage-first heap   total reserved 2072576K, committed 48128K, used 22394K [0x0000000081800000, 0x0000000100000000)
  region size 1024K, 1 young (1024K), 1 survivors (1024K)
 Metaspace       used 35678K, committed 36096K, reserved 1114112K
  class space    used 4687K, committed 4864K, reserved 1048576K
}
Event: 7.640 GC heap before
{Heap before GC invocations=11 (full 0):
 garbage-first heap   total reserved 2072576K, committed 48128K, used 39802K [0x0000000081800000, 0x0000000100000000)
  region size 1024K, 18 young (18432K), 1 survivors (1024K)
 Metaspace       used 40178K, committed 40768K, reserved 1114112K
  class space    used 5439K, committed 5696K, reserved 1048576K
}
Event: 7.643 GC heap after
{Heap after GC invocations=12 (full 0):
 garbage-first heap   total reserved 2072576K, committed 48128K, used 23228K [0x0000000081800000, 0x0000000100000000)
  region size 1024K, 2 young (2048K), 2 survivors (2048K)
 Metaspace       used 40178K, committed 40768K, reserved 1114112K
  class space    used 5439K, committed 5696K, reserved 1048576K
}
Event: 8.508 GC heap before
{Heap before GC invocations=12 (full 0):
 garbage-first heap   total reserved 2072576K, committed 48128K, used 40636K [0x0000000081800000, 0x0000000100000000)
  region size 1024K, 19 young (19456K), 2 survivors (2048K)
 Metaspace       used 45483K, committed 46016K, reserved 1114112K
  class space    used 6176K, committed 6400K, reserved 1048576K
}
Event: 8.514 GC heap after
{Heap after GC invocations=13 (full 0):
 garbage-first heap   total reserved 2072576K, committed 48128K, used 24577K [0x0000000081800000, 0x0000000100000000)
  region size 1024K, 3 young (3072K), 3 survivors (3072K)
 Metaspace       used 45483K, committed 46016K, reserved 1114112K
  class space    used 6176K, committed 6400K, reserved 1048576K
}
Event: 9.283 GC heap before
{Heap before GC invocations=13 (full 0):
 garbage-first heap   total reserved 2072576K, committed 48128K, used 39937K [0x0000000081800000, 0x0000000100000000)
  region size 1024K, 19 young (19456K), 3 survivors (3072K)
 Metaspace       used 49209K, committed 49728K, reserved 1114112K
  class space    used 6675K, committed 6912K, reserved 1048576K
}
Event: 9.289 GC heap after
{Heap after GC invocations=14 (full 0):
 garbage-first heap   total reserved 2072576K, committed 48128K, used 25475K [0x0000000081800000, 0x0000000100000000)
  region size 1024K, 3 young (3072K), 3 survivors (3072K)
 Metaspace       used 49209K, committed 49728K, reserved 1114112K
  class space    used 6675K, committed 6912K, reserved 1048576K
}
Event: 9.832 GC heap before
{Heap before GC invocations=15 (full 0):
 garbage-first heap   total reserved 2072576K, committed 48128K, used 39811K [0x0000000081800000, 0x0000000100000000)
  region size 1024K, 18 young (18432K), 3 survivors (3072K)
 Metaspace       used 54144K, committed 54720K, reserved 1114112K
  class space    used 7491K, committed 7744K, reserved 1048576K
}
Event: 9.838 GC heap after
{Heap after GC invocations=16 (full 0):
 garbage-first heap   total reserved 2072576K, committed 58368K, used 26333K [0x0000000081800000, 0x0000000100000000)
  region size 1024K, 2 young (2048K), 2 survivors (2048K)
 Metaspace       used 54144K, committed 54720K, reserved 1114112K
  class space    used 7491K, committed 7744K, reserved 1048576K
}
Event: 10.726 GC heap before
{Heap before GC invocations=16 (full 0):
 garbage-first heap   total reserved 2072576K, committed 58368K, used 51933K [0x0000000081800000, 0x0000000100000000)
  region size 1024K, 27 young (27648K), 2 survivors (2048K)
 Metaspace       used 60055K, committed 60736K, reserved 1114112K
  class space    used 8397K, committed 8704K, reserved 1048576K
}
Event: 10.733 GC heap after
{Heap after GC invocations=17 (full 0):
 garbage-first heap   total reserved 2072576K, committed 58368K, used 27493K [0x0000000081800000, 0x0000000100000000)
  region size 1024K, 4 young (4096K), 4 survivors (4096K)
 Metaspace       used 60055K, committed 60736K, reserved 1114112K
  class space    used 8397K, committed 8704K, reserved 1048576K
}
Event: 11.606 GC heap before
{Heap before GC invocations=17 (full 0):
 garbage-first heap   total reserved 2072576K, committed 58368K, used 48997K [0x0000000081800000, 0x0000000100000000)
  region size 1024K, 25 young (25600K), 4 survivors (4096K)
 Metaspace       used 63163K, committed 63872K, reserved 1114112K
  class space    used 8836K, committed 9152K, reserved 1048576K
}
Event: 11.616 GC heap after
{Heap after GC invocations=18 (full 0):
 garbage-first heap   total reserved 2072576K, committed 58368K, used 29870K [0x0000000081800000, 0x0000000100000000)
  region size 1024K, 4 young (4096K), 4 survivors (4096K)
 Metaspace       used 63163K, committed 63872K, reserved 1114112K
  class space    used 8836K, committed 9152K, reserved 1048576K
}
Event: 19.092 GC heap before
{Heap before GC invocations=18 (full 0):
 garbage-first heap   total reserved 2072576K, committed 58368K, used 49326K [0x0000000081800000, 0x0000000100000000)
  region size 1024K, 23 young (23552K), 4 survivors (4096K)
 Metaspace       used 66377K, committed 67136K, reserved 1114112K
  class space    used 9304K, committed 9664K, reserved 1048576K
}
Event: 19.108 GC heap after
{Heap after GC invocations=19 (full 0):
 garbage-first heap   total reserved 2072576K, committed 58368K, used 32076K [0x0000000081800000, 0x0000000100000000)
  region size 1024K, 3 young (3072K), 3 survivors (3072K)
 Metaspace       used 66377K, committed 67136K, reserved 1114112K
  class space    used 9304K, committed 9664K, reserved 1048576K
}
Event: 20.281 GC heap before
{Heap before GC invocations=20 (full 0):
 garbage-first heap   total reserved 2072576K, committed 58368K, used 48460K [0x0000000081800000, 0x0000000100000000)
  region size 1024K, 20 young (20480K), 3 survivors (3072K)
 Metaspace       used 69959K, committed 70784K, reserved 1114112K
  class space    used 9767K, committed 10112K, reserved 1048576K
}
Event: 20.290 GC heap after
{Heap after GC invocations=21 (full 0):
 garbage-first heap   total reserved 2072576K, committed 58368K, used 33944K [0x0000000081800000, 0x0000000100000000)
  region size 1024K, 2 young (2048K), 2 survivors (2048K)
 Metaspace       used 69959K, committed 70784K, reserved 1114112K
  class space    used 9767K, committed 10112K, reserved 1048576K
}

